{"/Users/numeru/Desktop/Study/TDD-with-react/chap6/src/index.js": {"path":"/Users/numeru/Desktop/Study/TDD-with-react/chap6/src/index.js","statementMap":{"0":{"start":{"line":8,"column":23},"end":{"line":12,"column":2}},"1":{"start":{"line":14,"column":0},"end":{"line":19,"column":2}}},"fnMap":{},"branchMap":{},"s":{"0":0,"1":0},"f":{},"b":{},"hash":"5c520def52e4ae2c066989311c3367f712b7d564"}
,"/Users/numeru/Desktop/Study/TDD-with-react/chap6/src/app/app.jsx": {"path":"/Users/numeru/Desktop/Study/TDD-with-react/chap6/src/app/app.jsx","statementMap":{"0":{"start":{"line":8,"column":12},"end":{"line":44,"column":1}},"1":{"start":{"line":9,"column":30},"end":{"line":9,"column":66}},"2":{"start":{"line":11,"column":26},"end":{"line":13,"column":8}},"3":{"start":{"line":12,"column":4},"end":{"line":12,"column":53}},"4":{"start":{"line":15,"column":26},"end":{"line":17,"column":8}},"5":{"start":{"line":16,"column":4},"end":{"line":16,"column":53}},"6":{"start":{"line":19,"column":23},"end":{"line":21,"column":8}},"7":{"start":{"line":20,"column":4},"end":{"line":20,"column":49}},"8":{"start":{"line":23,"column":20},"end":{"line":25,"column":8}},"9":{"start":{"line":24,"column":4},"end":{"line":24,"column":75}},"10":{"start":{"line":24,"column":26},"end":{"line":24,"column":73}},"11":{"start":{"line":27,"column":22},"end":{"line":29,"column":8}},"12":{"start":{"line":28,"column":4},"end":{"line":28,"column":42}},"13":{"start":{"line":31,"column":2},"end":{"line":43,"column":4}},"14":{"start":{"line":33,"column":50},"end":{"line":33,"column":64}}},"fnMap":{"0":{"name":"(anonymous_0)","decl":{"start":{"line":8,"column":12},"end":{"line":8,"column":13}},"loc":{"start":{"line":8,"column":36},"end":{"line":44,"column":1}},"line":8},"1":{"name":"(anonymous_1)","decl":{"start":{"line":11,"column":38},"end":{"line":11,"column":39}},"loc":{"start":{"line":11,"column":49},"end":{"line":13,"column":3}},"line":11},"2":{"name":"(anonymous_2)","decl":{"start":{"line":15,"column":38},"end":{"line":15,"column":39}},"loc":{"start":{"line":15,"column":49},"end":{"line":17,"column":3}},"line":15},"3":{"name":"(anonymous_3)","decl":{"start":{"line":19,"column":35},"end":{"line":19,"column":36}},"loc":{"start":{"line":19,"column":46},"end":{"line":21,"column":3}},"line":19},"4":{"name":"(anonymous_4)","decl":{"start":{"line":23,"column":32},"end":{"line":23,"column":33}},"loc":{"start":{"line":23,"column":42},"end":{"line":25,"column":3}},"line":23},"5":{"name":"(anonymous_5)","decl":{"start":{"line":24,"column":14},"end":{"line":24,"column":15}},"loc":{"start":{"line":24,"column":26},"end":{"line":24,"column":73}},"line":24},"6":{"name":"(anonymous_6)","decl":{"start":{"line":27,"column":34},"end":{"line":27,"column":35}},"loc":{"start":{"line":27,"column":40},"end":{"line":29,"column":3}},"line":27},"7":{"name":"(anonymous_7)","decl":{"start":{"line":33,"column":40},"end":{"line":33,"column":41}},"loc":{"start":{"line":33,"column":50},"end":{"line":33,"column":64}},"line":33}},"branchMap":{},"s":{"0":1,"1":1,"2":1,"3":0,"4":1,"5":0,"6":1,"7":0,"8":1,"9":0,"10":0,"11":1,"12":0,"13":1,"14":0},"f":{"0":1,"1":0,"2":0,"3":0,"4":0,"5":0,"6":0,"7":0},"b":{},"_coverageSchema":"43e27e138ebf9cfc5966b082cf9a028302ed4184","hash":"9e9ff074d49c1036fdca6aad2eea1f28f1a90b23"}
,"/Users/numeru/Desktop/Study/TDD-with-react/chap6/src/components/form/habitAddForm.jsx": {"path":"/Users/numeru/Desktop/Study/TDD-with-react/chap6/src/components/form/habitAddForm.jsx","statementMap":{"0":{"start":{"line":3,"column":21},"end":{"line":25,"column":2}},"1":{"start":{"line":4,"column":18},"end":{"line":4,"column":35}},"2":{"start":{"line":5,"column":19},"end":{"line":5,"column":36}},"3":{"start":{"line":7,"column":19},"end":{"line":12,"column":3}},"4":{"start":{"line":8,"column":4},"end":{"line":8,"column":27}},"5":{"start":{"line":9,"column":17},"end":{"line":9,"column":39}},"6":{"start":{"line":10,"column":4},"end":{"line":10,"column":30}},"7":{"start":{"line":11,"column":4},"end":{"line":11,"column":28}},"8":{"start":{"line":14,"column":2},"end":{"line":24,"column":4}}},"fnMap":{"0":{"name":"(anonymous_0)","decl":{"start":{"line":3,"column":26},"end":{"line":3,"column":27}},"loc":{"start":{"line":3,"column":37},"end":{"line":25,"column":1}},"line":3},"1":{"name":"(anonymous_1)","decl":{"start":{"line":7,"column":19},"end":{"line":7,"column":20}},"loc":{"start":{"line":7,"column":30},"end":{"line":12,"column":3}},"line":7}},"branchMap":{"0":{"loc":{"start":{"line":10,"column":4},"end":{"line":10,"column":29}},"type":"binary-expr","locations":[{"start":{"line":10,"column":4},"end":{"line":10,"column":8}},{"start":{"line":10,"column":12},"end":{"line":10,"column":29}}],"line":10}},"s":{"0":3,"1":4,"2":4,"3":4,"4":0,"5":0,"6":0,"7":0,"8":4},"f":{"0":4,"1":0},"b":{"0":[0,0]},"_coverageSchema":"43e27e138ebf9cfc5966b082cf9a028302ed4184","hash":"aae220e098716191e8ea833f691f7dcb94977ed9"}
,"/Users/numeru/Desktop/Study/TDD-with-react/chap6/src/components/habit/habit.jsx": {"path":"/Users/numeru/Desktop/Study/TDD-with-react/chap6/src/components/habit/habit.jsx","statementMap":{"0":{"start":{"line":3,"column":14},"end":{"line":45,"column":2}},"1":{"start":{"line":4,"column":26},"end":{"line":6,"column":3}},"2":{"start":{"line":5,"column":4},"end":{"line":5,"column":23}},"3":{"start":{"line":8,"column":26},"end":{"line":10,"column":3}},"4":{"start":{"line":9,"column":4},"end":{"line":9,"column":23}},"5":{"start":{"line":12,"column":23},"end":{"line":14,"column":3}},"6":{"start":{"line":13,"column":4},"end":{"line":13,"column":20}},"7":{"start":{"line":16,"column":2},"end":{"line":44,"column":4}}},"fnMap":{"0":{"name":"(anonymous_0)","decl":{"start":{"line":3,"column":19},"end":{"line":3,"column":20}},"loc":{"start":{"line":3,"column":70},"end":{"line":45,"column":1}},"line":3},"1":{"name":"(anonymous_1)","decl":{"start":{"line":4,"column":26},"end":{"line":4,"column":27}},"loc":{"start":{"line":4,"column":32},"end":{"line":6,"column":3}},"line":4},"2":{"name":"(anonymous_2)","decl":{"start":{"line":8,"column":26},"end":{"line":8,"column":27}},"loc":{"start":{"line":8,"column":32},"end":{"line":10,"column":3}},"line":8},"3":{"name":"(anonymous_3)","decl":{"start":{"line":12,"column":23},"end":{"line":12,"column":24}},"loc":{"start":{"line":12,"column":29},"end":{"line":14,"column":3}},"line":12}},"branchMap":{},"s":{"0":3,"1":6,"2":0,"3":6,"4":0,"5":6,"6":0,"7":6},"f":{"0":6,"1":0,"2":0,"3":0},"b":{},"_coverageSchema":"43e27e138ebf9cfc5966b082cf9a028302ed4184","hash":"b20c1f4f68e612ddf99e032f6292dbdf924601f8"}
,"/Users/numeru/Desktop/Study/TDD-with-react/chap6/src/components/habits/habits.jsx": {"path":"/Users/numeru/Desktop/Study/TDD-with-react/chap6/src/components/habits/habits.jsx","statementMap":{"0":{"start":{"line":5,"column":15},"end":{"line":32,"column":1}},"1":{"start":{"line":13,"column":2},"end":{"line":31,"column":4}},"2":{"start":{"line":18,"column":10},"end":{"line":24,"column":12}}},"fnMap":{"0":{"name":"(anonymous_0)","decl":{"start":{"line":5,"column":15},"end":{"line":5,"column":16}},"loc":{"start":{"line":12,"column":6},"end":{"line":32,"column":1}},"line":12},"1":{"name":"(anonymous_1)","decl":{"start":{"line":17,"column":20},"end":{"line":17,"column":21}},"loc":{"start":{"line":18,"column":10},"end":{"line":24,"column":12}},"line":18}},"branchMap":{},"s":{"0":2,"1":8,"2":0},"f":{"0":8,"1":0},"b":{},"_coverageSchema":"43e27e138ebf9cfc5966b082cf9a028302ed4184","hash":"9573f3520c5f9f76f449c3d65a4ff3b460932443"}
,"/Users/numeru/Desktop/Study/TDD-with-react/chap6/src/components/navbar/navbar.jsx": {"path":"/Users/numeru/Desktop/Study/TDD-with-react/chap6/src/components/navbar/navbar.jsx","statementMap":{"0":{"start":{"line":5,"column":4},"end":{"line":11,"column":6}}},"fnMap":{"0":{"name":"(anonymous_0)","decl":{"start":{"line":4,"column":2},"end":{"line":4,"column":3}},"loc":{"start":{"line":4,"column":11},"end":{"line":12,"column":3}},"line":4}},"branchMap":{},"s":{"0":3},"f":{"0":3},"b":{},"_coverageSchema":"43e27e138ebf9cfc5966b082cf9a028302ed4184","hash":"cfa4c9e6b7fdbd1452772ffce9e2202edc558aa3"}
,"/Users/numeru/Desktop/Study/TDD-with-react/chap6/src/utils/habit_presenter.js": {"path":"/Users/numeru/Desktop/Study/TDD-with-react/chap6/src/utils/habit_presenter.js","statementMap":{"0":{"start":{"line":3,"column":4},"end":{"line":3,"column":25}},"1":{"start":{"line":4,"column":4},"end":{"line":4,"column":31}},"2":{"start":{"line":8,"column":4},"end":{"line":8,"column":23}},"3":{"start":{"line":12,"column":4},"end":{"line":17,"column":7}},"4":{"start":{"line":13,"column":6},"end":{"line":15,"column":7}},"5":{"start":{"line":14,"column":8},"end":{"line":14,"column":52}},"6":{"start":{"line":16,"column":6},"end":{"line":16,"column":18}},"7":{"start":{"line":19,"column":4},"end":{"line":19,"column":24}},"8":{"start":{"line":23,"column":4},"end":{"line":29,"column":7}},"9":{"start":{"line":24,"column":6},"end":{"line":27,"column":7}},"10":{"start":{"line":25,"column":22},"end":{"line":25,"column":36}},"11":{"start":{"line":26,"column":8},"end":{"line":26,"column":58}},"12":{"start":{"line":28,"column":6},"end":{"line":28,"column":18}},"13":{"start":{"line":31,"column":4},"end":{"line":31,"column":24}},"14":{"start":{"line":35,"column":4},"end":{"line":35,"column":69}},"15":{"start":{"line":35,"column":47},"end":{"line":35,"column":67}},"16":{"start":{"line":37,"column":4},"end":{"line":37,"column":24}},"17":{"start":{"line":41,"column":4},"end":{"line":43,"column":5}},"18":{"start":{"line":42,"column":6},"end":{"line":42,"column":60}},"19":{"start":{"line":45,"column":21},"end":{"line":45,"column":55}},"20":{"start":{"line":46,"column":4},"end":{"line":46,"column":45}},"21":{"start":{"line":47,"column":4},"end":{"line":47,"column":24}},"22":{"start":{"line":51,"column":4},"end":{"line":56,"column":7}},"23":{"start":{"line":52,"column":6},"end":{"line":54,"column":7}},"24":{"start":{"line":53,"column":8},"end":{"line":53,"column":38}},"25":{"start":{"line":55,"column":6},"end":{"line":55,"column":19}},"26":{"start":{"line":58,"column":4},"end":{"line":58,"column":24}}},"fnMap":{"0":{"name":"(anonymous_0)","decl":{"start":{"line":2,"column":2},"end":{"line":2,"column":3}},"loc":{"start":{"line":2,"column":33},"end":{"line":5,"column":3}},"line":2},"1":{"name":"(anonymous_1)","decl":{"start":{"line":7,"column":2},"end":{"line":7,"column":3}},"loc":{"start":{"line":7,"column":14},"end":{"line":9,"column":3}},"line":7},"2":{"name":"(anonymous_2)","decl":{"start":{"line":11,"column":2},"end":{"line":11,"column":3}},"loc":{"start":{"line":11,"column":33},"end":{"line":20,"column":3}},"line":11},"3":{"name":"(anonymous_3)","decl":{"start":{"line":12,"column":34},"end":{"line":12,"column":35}},"loc":{"start":{"line":12,"column":44},"end":{"line":17,"column":5}},"line":12},"4":{"name":"(anonymous_4)","decl":{"start":{"line":22,"column":2},"end":{"line":22,"column":3}},"loc":{"start":{"line":22,"column":33},"end":{"line":32,"column":3}},"line":22},"5":{"name":"(anonymous_5)","decl":{"start":{"line":23,"column":34},"end":{"line":23,"column":35}},"loc":{"start":{"line":23,"column":44},"end":{"line":29,"column":5}},"line":23},"6":{"name":"(anonymous_6)","decl":{"start":{"line":34,"column":2},"end":{"line":34,"column":3}},"loc":{"start":{"line":34,"column":29},"end":{"line":38,"column":3}},"line":34},"7":{"name":"(anonymous_7)","decl":{"start":{"line":35,"column":37},"end":{"line":35,"column":38}},"loc":{"start":{"line":35,"column":47},"end":{"line":35,"column":67}},"line":35},"8":{"name":"(anonymous_8)","decl":{"start":{"line":40,"column":2},"end":{"line":40,"column":3}},"loc":{"start":{"line":40,"column":25},"end":{"line":48,"column":3}},"line":40},"9":{"name":"(anonymous_9)","decl":{"start":{"line":50,"column":2},"end":{"line":50,"column":3}},"loc":{"start":{"line":50,"column":22},"end":{"line":59,"column":3}},"line":50},"10":{"name":"(anonymous_10)","decl":{"start":{"line":51,"column":34},"end":{"line":51,"column":35}},"loc":{"start":{"line":51,"column":45},"end":{"line":56,"column":5}},"line":51}},"branchMap":{"0":{"loc":{"start":{"line":13,"column":6},"end":{"line":15,"column":7}},"type":"if","locations":[{"start":{"line":13,"column":6},"end":{"line":15,"column":7}},{"start":{"line":13,"column":6},"end":{"line":15,"column":7}}],"line":13},"1":{"loc":{"start":{"line":24,"column":6},"end":{"line":27,"column":7}},"type":"if","locations":[{"start":{"line":24,"column":6},"end":{"line":27,"column":7}},{"start":{"line":24,"column":6},"end":{"line":27,"column":7}}],"line":24},"2":{"loc":{"start":{"line":26,"column":34},"end":{"line":26,"column":55}},"type":"cond-expr","locations":[{"start":{"line":26,"column":46},"end":{"line":26,"column":47}},{"start":{"line":26,"column":50},"end":{"line":26,"column":55}}],"line":26},"3":{"loc":{"start":{"line":41,"column":4},"end":{"line":43,"column":5}},"type":"if","locations":[{"start":{"line":41,"column":4},"end":{"line":43,"column":5}},{"start":{"line":41,"column":4},"end":{"line":43,"column":5}}],"line":41},"4":{"loc":{"start":{"line":52,"column":6},"end":{"line":54,"column":7}},"type":"if","locations":[{"start":{"line":52,"column":6},"end":{"line":54,"column":7}},{"start":{"line":52,"column":6},"end":{"line":54,"column":7}}],"line":52}},"s":{"0":11,"1":11,"2":20,"3":1,"4":3,"5":1,"6":2,"7":1,"8":3,"9":9,"10":3,"11":3,"12":6,"13":3,"14":1,"15":3,"16":1,"17":3,"18":1,"19":2,"20":2,"21":2,"22":2,"23":6,"24":2,"25":4,"26":2},"f":{"0":11,"1":20,"2":1,"3":3,"4":3,"5":9,"6":1,"7":3,"8":3,"9":2,"10":6},"b":{"0":[1,2],"1":[3,6],"2":[1,2],"3":[1,2],"4":[2,4]},"_coverageSchema":"43e27e138ebf9cfc5966b082cf9a028302ed4184","hash":"1ff5cda636e98d83c9d104104405ea686cd3ada4"}
}
