TN:
SF:/Users/numeru/Desktop/Study/TDD-with-react/chap6/src/index.js
FNF:0
FNH:0
DA:8,0
DA:14,0
LF:2
LH:0
BRF:0
BRH:0
end_of_record
TN:
SF:/Users/numeru/Desktop/Study/TDD-with-react/chap6/src/app/app.jsx
FN:8,(anonymous_0)
FN:11,(anonymous_1)
FN:15,(anonymous_2)
FN:19,(anonymous_3)
FN:23,(anonymous_4)
FN:24,(anonymous_5)
FN:27,(anonymous_6)
FN:33,(anonymous_7)
FNF:8
FNH:1
FNDA:1,(anonymous_0)
FNDA:0,(anonymous_1)
FNDA:0,(anonymous_2)
FNDA:0,(anonymous_3)
FNDA:0,(anonymous_4)
FNDA:0,(anonymous_5)
FNDA:0,(anonymous_6)
FNDA:0,(anonymous_7)
DA:8,1
DA:9,1
DA:11,1
DA:12,0
DA:15,1
DA:16,0
DA:19,1
DA:20,0
DA:23,1
DA:24,0
DA:27,1
DA:28,0
DA:31,1
DA:33,0
LF:14
LH:8
BRF:0
BRH:0
end_of_record
TN:
SF:/Users/numeru/Desktop/Study/TDD-with-react/chap6/src/components/form/habitAddForm.jsx
FN:3,(anonymous_0)
FN:7,(anonymous_1)
FNF:2
FNH:1
FNDA:4,(anonymous_0)
FNDA:0,(anonymous_1)
DA:3,3
DA:4,4
DA:5,4
DA:7,4
DA:8,0
DA:9,0
DA:10,0
DA:11,0
DA:14,4
LF:9
LH:5
BRDA:10,0,0,0
BRDA:10,0,1,0
BRF:2
BRH:0
end_of_record
TN:
SF:/Users/numeru/Desktop/Study/TDD-with-react/chap6/src/components/habit/habit.jsx
FN:3,(anonymous_0)
FN:4,(anonymous_1)
FN:8,(anonymous_2)
FN:12,(anonymous_3)
FNF:4
FNH:1
FNDA:6,(anonymous_0)
FNDA:0,(anonymous_1)
FNDA:0,(anonymous_2)
FNDA:0,(anonymous_3)
DA:3,3
DA:4,6
DA:5,0
DA:8,6
DA:9,0
DA:12,6
DA:13,0
DA:16,6
LF:8
LH:5
BRF:0
BRH:0
end_of_record
TN:
SF:/Users/numeru/Desktop/Study/TDD-with-react/chap6/src/components/habits/habits.jsx
FN:5,(anonymous_0)
FN:17,(anonymous_1)
FNF:2
FNH:1
FNDA:8,(anonymous_0)
FNDA:0,(anonymous_1)
DA:5,2
DA:13,8
DA:18,0
LF:3
LH:2
BRF:0
BRH:0
end_of_record
TN:
SF:/Users/numeru/Desktop/Study/TDD-with-react/chap6/src/components/navbar/navbar.jsx
FN:4,(anonymous_0)
FNF:1
FNH:1
FNDA:3,(anonymous_0)
DA:5,3
LF:1
LH:1
BRF:0
BRH:0
end_of_record
TN:
SF:/Users/numeru/Desktop/Study/TDD-with-react/chap6/src/utils/habit_presenter.js
FN:2,(anonymous_0)
FN:7,(anonymous_1)
FN:11,(anonymous_2)
FN:12,(anonymous_3)
FN:22,(anonymous_4)
FN:23,(anonymous_5)
FN:34,(anonymous_6)
FN:35,(anonymous_7)
FN:40,(anonymous_8)
FN:50,(anonymous_9)
FN:51,(anonymous_10)
FNF:11
FNH:11
FNDA:11,(anonymous_0)
FNDA:20,(anonymous_1)
FNDA:1,(anonymous_2)
FNDA:3,(anonymous_3)
FNDA:3,(anonymous_4)
FNDA:9,(anonymous_5)
FNDA:1,(anonymous_6)
FNDA:3,(anonymous_7)
FNDA:3,(anonymous_8)
FNDA:2,(anonymous_9)
FNDA:6,(anonymous_10)
DA:3,11
DA:4,11
DA:8,20
DA:12,1
DA:13,3
DA:14,1
DA:16,2
DA:19,1
DA:23,3
DA:24,9
DA:25,3
DA:26,3
DA:28,6
DA:31,3
DA:35,3
DA:37,1
DA:41,3
DA:42,1
DA:45,2
DA:46,2
DA:47,2
DA:51,2
DA:52,6
DA:53,2
DA:55,4
DA:58,2
LF:26
LH:26
BRDA:13,0,0,1
BRDA:13,0,1,2
BRDA:24,1,0,3
BRDA:24,1,1,6
BRDA:26,2,0,1
BRDA:26,2,1,2
BRDA:41,3,0,1
BRDA:41,3,1,2
BRDA:52,4,0,2
BRDA:52,4,1,4
BRF:10
BRH:10
end_of_record
